Arguments: 
  C:\Program Files\nodejs\node.exe C:\Program Files (x86)\Yarn\bin\yarn.js

PATH: 
  C:\Program Files\Git\bin;C:\WINDOWS\system32;C:\WINDOWS;C:\WINDOWS\System32\Wbem;C:\WINDOWS\System32\WindowsPowerShell\v1.0\;C:\WINDOWS\System32\OpenSSH\;C:\Program Files (x86)\Yarn\bin\;C:\Program Files\Git\cmd;C:\Program Files\nodejs\;C:\Program Files\Git\usr\bin;C:\Program Files\dotnet\;C:\xampp\php;C:\Users\fathy\AppData\Local\Programs\Python\Launcher\;C:\Users\fathy\AppData\Local\Microsoft\WindowsApps;C:\Users\fathy\AppData\Local\Yarn\bin;C:\Users\fathy\AppData\Local\GitHubDesktop\bin;C:\Users\fathy\AppData\Roaming\npm;C:\Users\fathy\AppData\Local\Programs\Microsoft VS Code\bin;C:\Users\fathy\AppData\Local\Programs\Python\Python312;C:\Users\fathy\AppData\Local\Programs\Python\Python312\Scripts;

Yarn version: 
  1.22.4

Node version: 
  18.17.1

Platform: 
  win32 x64

Trace: 
  Error: connect ENETUNREACH 104.16.30.34:443
      at TCPConnectWrap.afterConnect [as oncomplete] (node:net:1495:16)

npm manifest: 
  {
    "name": "e-broker",
    "version": "0.1.0",
    "private": true,
    "scripts": {
      "dev": "next dev",
      "build": "next build",
      "export": "next build",
      "start": "NODE_ENV=production NODE_PORT=8001 node server.js",
      "custom": "node server.js",
      "lint": "next lint"
    },
    "dependencies": {
      "@emotion/core": "^11.0.0",
      "@emotion/react": "^11.11.1",
      "@emotion/server": "^11.11.0",
      "@emotion/styled": "^11.11.0",
      "@mui/icons-material": "^5.14.9",
      "@mui/material": "^5.14.10",
      "@react-google-maps/api": "^2.19.2",
      "@reduxjs/toolkit": "^1.9.5",
      "@stripe/react-stripe-js": "^1.16.5",
      "@stripe/stripe-js": "^1.54.2",
      "aframe": "^1.4.2",
      "antd": "^5.9.0",
      "aos": "^3.0.0-beta.6",
      "axios": "^1.4.0",
      "bootstrap": "^5.3.1",
      "country-code-lookup": "^0.1.0",
      "date-fns": "^2.30.0",
      "eslint": "8.44.0",
      "eslint-config-next": "13.4.9",
      "firebase": "10.1.0",
      "form-data": "^4.0.0",
      "ionicons": "^7.1.2",
      "localforage": "^1.10.0",
      "lottie-react": "^2.4.0",
      "moment": "^2.29.4",
      "next": "13.3.2",
      "otp-input-react": "^0.3.0",
      "prop-types": "^15.8.1",
      "react": "^18.2.0",
      "react-360-view": "^0.1.3",
      "react-awesome-slider": "^4.1.0",
      "react-bootstrap": "^2.8.0",
      "react-confirm-alert": "^3.0.6",
      "react-dom": "18.2.0",
      "react-dropzone": "^14.2.3",
      "react-dropzone-uploader": "^2.11.0",
      "react-google-autocomplete": "^2.7.3",
      "react-hot-toast": "^2.4.1",
      "react-icons": "^4.10.1",
      "react-images": "^1.2.0-beta.7",
      "react-loading-skeleton": "^3.3.1",
      "react-otp-input": "^3.0.4",
      "react-paginate": "^8.2.0",
      "react-phone-input-2": "^2.15.1",
      "react-phone-number-input": "^3.3.0",
      "react-player": "^2.12.0",
      "react-redux": "^8.1.1",
      "react-share": "^5.0.3",
      "react-toastify": "^9.1.3",
      "redux-persist": "^6.0.0",
      "stripe": "^13.8.0",
      "styled-components": "^6.0.8",
      "sweetalert2": "^11.7.28",
      "swiper": "^10.0.4",
      "validator": "^13.9.0"
    },
    "devDependencies": {
      "eslint-plugin-prettier": "^5.1.3"
    }
  }

yarn manifest: 
  No manifest

Lockfile: 
  No lockfile
